#
# A fatal error has been detected by the Java Runtime Environment:
#
#  SIGSEGV (0xb) at pc=0x00007fdd2c9d7d87, pid=9307, tid=0x00007fdd82434700
#
# JRE version: OpenJDK Runtime Environment (8.0_121-b13) (build 1.8.0_121-8u121-b13-0ubuntu1.16.04.2-b13)
# Java VM: OpenJDK 64-Bit Server VM (25.121-b13 mixed mode linux-amd64 compressed oops)
# Problematic frame:
# C  [liblwjgl_opengl.so+0x52d87]  Java_org_lwjgl_opengl_GL11_glColor3f+0x7
#
# Failed to write core dump. Core dumps have been disabled. To enable core dumping, try "ulimit -c unlimited" before starting Java again
#
# If you would like to submit a bug report, please visit:
#   http://bugreport.java.com/bugreport/crash.jsp
# The crash happened outside the Java Virtual Machine in native code.
# See problematic frame for where to report the bug.
#

---------------  T H R E A D  ---------------

Current thread (0x00007fdd7800d000):  JavaThread "main" [_thread_in_native, id=9313, stack(0x00007fdd82334000,0x00007fdd82435000)]

siginfo: si_signo: 11 (SIGSEGV), si_code: 1 (SEGV_MAPERR), si_addr: 0x0000000000000470

Registers:
RAX=0x0000000000000000, RBX=0x00007fdd68da65e0, RCX=0x0000000000000003, RDX=0x00007fdd81607538
RSP=0x00007fdd824338c8, RBP=0x00007fdd82433930, RSI=0x00007fdd82433940, RDI=0x00007fdd7800d1e0
R8 =0x00007fdd68da65e0, R9 =0x0000000000000004, R10=0x00007fdd69017748, R11=0x00007fdd810479e0
R12=0x0000000000000000, R13=0x00007fdd68da65e0, R14=0x00007fdd82433960, R15=0x00007fdd7800d000
RIP=0x00007fdd2c9d7d87, EFLAGS=0x0000000000010287, CSGSFS=0x0000000000000033, ERR=0x0000000000000004
  TRAPNO=0x000000000000000e

Top of Stack: (sp=0x00007fdd824338c8)
0x00007fdd824338c8:   00007fdd69017774 00007fdd82433930
0x00007fdd824338d8:   00007fdd690174f9 fffffffe00000000
0x00007fdd824338e8:   00007fdd690174c2 00007fdd824338f0
0x00007fdd824338f8:   00007fdd68da65e0 00007fdd82433960
0x00007fdd82433908:   00007fdd68dcb428 0000000000000000
0x00007fdd82433918:   00007fdd68da65e0 0000000000000000
0x00007fdd82433928:   00007fdd82433950 00007fdd824339a8
0x00007fdd82433938:   00007fdd69007ffd 00000000ec7b78c8
0x00007fdd82433948:   00007fdd69011278 0000000000000000
0x00007fdd82433958:   0000000000000000 0000000000000000
0x00007fdd82433968:   00007fdd82433968 00007fdd68c0397f
0x00007fdd82433978:   00007fdd824339c0 00007fdd68c04028
0x00007fdd82433988:   0000000000000000 00007fdd68c03a10
0x00007fdd82433998:   00007fdd82433950 00007fdd824339c0
0x00007fdd824339a8:   00007fdd82433a08 00007fdd69007ffd
0x00007fdd824339b8:   0000000000000000 00000000ec095a60
0x00007fdd824339c8:   00007fdd824339c8 00007fdd68c03d1f
0x00007fdd824339d8:   00007fdd82433a18 00007fdd68c04028
0x00007fdd824339e8:   0000000000000000 00007fdd68c03d38
0x00007fdd824339f8:   00007fdd824339c0 00007fdd82433a18
0x00007fdd82433a08:   00007fdd82433a80 00007fdd690004e7
0x00007fdd82433a18:   00000000ec095a50 0000000000001fa0
0x00007fdd82433a28:   00007fdd68c03d38 00007fdd82433c70
0x00007fdd82433a38:   00007fdd82433b20 00007fdd7800d000
0x00007fdd82433a48:   00007fdd7800d000 00007fdd82433b20
0x00007fdd82433a58:   00007fdd82433d38 00007fdd0000000a
0x00007fdd82433a68:   00007fdd68c03d38 00007fdd690129c0
0x00007fdd82433a78:   00007fdd82433c78 00007fdd82433ba0
0x00007fdd82433a88:   00007fdd80d4e61b 0000000000000001
0x00007fdd82433a98:   00007fdd7800d000 00007fdd7800d000
0x00007fdd82433aa8:   000000067800bf90 00007fdd82433ae0
0x00007fdd82433ab8:   00007fdd0000000a 00007fdd690129c0 

Instructions: (pc=0x00007fdd2c9d7d87)
0x00007fdd2c9d7d67:   89 b0 04 00 00 ff e1 66 90 48 8b 07 48 8b 40 18
0x00007fdd2c9d7d77:   ff a0 60 04 00 00 0f 1f 00 48 8b 07 48 8b 40 18
0x00007fdd2c9d7d87:   ff a0 70 04 00 00 0f 1f 00 48 8b 07 41 89 d1 89
0x00007fdd2c9d7d97:   ce 44 89 c2 44 89 cf 48 8b 40 18 48 8b 80 90 04 

Register to memory mapping:

RAX=0x0000000000000000 is an unknown value
RBX={method} {0x00007fdd68da65e0} 'glColor3f' '(FFF)V' in 'org/lwjgl/opengl/GL11'
RCX=0x0000000000000003 is an unknown value
RDX=0x00007fdd81607538: <offset 0xf1a538> in /usr/lib/jvm/java-8-openjdk-amd64/jre/lib/amd64/server/libjvm.so at 0x00007fdd806ed000
RSP=0x00007fdd824338c8 is pointing into the stack for thread: 0x00007fdd7800d000
RBP=0x00007fdd82433930 is pointing into the stack for thread: 0x00007fdd7800d000
RSI=0x00007fdd82433940 is pointing into the stack for thread: 0x00007fdd7800d000
RDI=0x00007fdd7800d1e0 is an unknown value
R8 ={method} {0x00007fdd68da65e0} 'glColor3f' '(FFF)V' in 'org/lwjgl/opengl/GL11'
R9 =0x0000000000000004 is an unknown value
R10=0x00007fdd69017748 is at code_begin+808 in an Interpreter codelet
method entry point (kind = native)  [0x00007fdd69017420, 0x00007fdd69017d20]  2304 bytes
R11=0x00007fdd810479e0: <offset 0x95a9e0> in /usr/lib/jvm/java-8-openjdk-amd64/jre/lib/amd64/server/libjvm.so at 0x00007fdd806ed000
R12=0x0000000000000000 is an unknown value
R13={method} {0x00007fdd68da65e0} 'glColor3f' '(FFF)V' in 'org/lwjgl/opengl/GL11'
R14=0x00007fdd82433960 is pointing into the stack for thread: 0x00007fdd7800d000
R15=0x00007fdd7800d000 is a thread


Stack: [0x00007fdd82334000,0x00007fdd82435000],  sp=0x00007fdd824338c8,  free space=1022k
Native frames: (J=compiled Java code, j=interpreted, Vv=VM code, C=native code)
C  [liblwjgl_opengl.so+0x52d87]  Java_org_lwjgl_opengl_GL11_glColor3f+0x7
j  Main.run()V+39
j  Main.main([Ljava/lang/String;)V+7
v  ~StubRoutines::call_stub
V  [libjvm.so+0x66161b]
V  [libjvm.so+0x68335e]
V  [libjvm.so+0x685c8f]
C  [libjli.so+0x3552]
C  [libjli.so+0x73dd]
C  [libpthread.so.0+0x76ba]  start_thread+0xca

Java frames: (J=compiled Java code, j=interpreted, Vv=VM code)
j  org.lwjgl.opengl.GL11.glColor3f(FFF)V+0
j  Main.run()V+39
j  Main.main([Ljava/lang/String;)V+7
v  ~StubRoutines::call_stub

---------------  P R O C E S S  ---------------

Java Threads: ( => current thread )
  0x00007fdd7835b800 JavaThread "Service Thread" daemon [_thread_blocked, id=9335, stack(0x00007fdd5aad1000,0x00007fdd5abd2000)]
  0x00007fdd78356800 JavaThread "C1 CompilerThread2" daemon [_thread_blocked, id=9334, stack(0x00007fdd5abd2000,0x00007fdd5acd3000)]
  0x00007fdd78353800 JavaThread "C2 CompilerThread1" daemon [_thread_blocked, id=9333, stack(0x00007fdd5acd3000,0x00007fdd5add4000)]
  0x00007fdd78352000 JavaThread "C2 CompilerThread0" daemon [_thread_blocked, id=9332, stack(0x00007fdd5add4000,0x00007fdd5aed5000)]
  0x00007fdd78350800 JavaThread "Monitor Ctrl-Break" daemon [_thread_in_native, id=9331, stack(0x00007fdd5aed5000,0x00007fdd5afd6000)]
  0x00007fdd78176800 JavaThread "Signal Dispatcher" daemon [_thread_blocked, id=9325, stack(0x00007fdd5b01a000,0x00007fdd5b11b000)]
  0x00007fdd7814e000 JavaThread "Finalizer" daemon [_thread_blocked, id=9323, stack(0x00007fdd5b3f4000,0x00007fdd5b4f5000)]
  0x00007fdd78149800 JavaThread "Reference Handler" daemon [_thread_blocked, id=9322, stack(0x00007fdd5b4f5000,0x00007fdd5b5f6000)]
=>0x00007fdd7800d000 JavaThread "main" [_thread_in_native, id=9313, stack(0x00007fdd82334000,0x00007fdd82435000)]

Other Threads:
  0x00007fdd78141800 VMThread [stack: 0x00007fdd5b5f6000,0x00007fdd5b6f7000] [id=9319]
  0x00007fdd7835e000 WatcherThread [stack: 0x00007fdd5a4b7000,0x00007fdd5a5b8000] [id=9336]

VM state:not at safepoint (normal execution)

VM Mutex/Monitor currently owned by a thread: None

Heap:
 PSYoungGen      total 18432K, used 10650K [0x00000000ebe00000, 0x00000000ed280000, 0x0000000100000000)
  eden space 15872K, 67% used [0x00000000ebe00000,0x00000000ec866800,0x00000000ecd80000)
  from space 2560K, 0% used [0x00000000ed000000,0x00000000ed000000,0x00000000ed280000)
  to   space 2560K, 0% used [0x00000000ecd80000,0x00000000ecd80000,0x00000000ed000000)
 ParOldGen       total 42496K, used 0K [0x00000000c3a00000, 0x00000000c6380000, 0x00000000ebe00000)
  object space 42496K, 0% used [0x00000000c3a00000,0x00000000c3a00000,0x00000000c6380000)
 Metaspace       used 6549K, capacity 6780K, committed 7040K, reserved 1056768K
  class space    used 691K, capacity 776K, committed 896K, reserved 1048576K

Card table byte_map: [0x00007fdd7e60c000,0x00007fdd7e7f0000] byte_map_base: 0x00007fdd7dfef000

Marking Bits: (ParMarkBitMap*) 0x00007fdd8160b220
 Begin Bits: [0x00007fdd7c296000, 0x00007fdd7d1ae000)
 End Bits:   [0x00007fdd7d1ae000, 0x00007fdd7e0c6000)

Polling page: 0x00007fdd8245e000

CodeCache: size=245760Kb used=2308Kb max_used=2321Kb free=243451Kb
 bounds [0x00007fdd69000000, 0x00007fdd69270000, 0x00007fdd78000000]
 total_blobs=1222 nmethods=507 adapters=630
 compilation: enabled

Compilation events (10 events):
Event: 0,681 Thread 0x00007fdd78356800  502       3       java.util.LinkedHashMap::get (33 bytes)
Event: 0,681 Thread 0x00007fdd78356800 nmethod 502 0x00007fdd6923e650 code [0x00007fdd6923e800, 0x00007fdd6923ece8]
Event: 0,685 Thread 0x00007fdd78353800 nmethod 503% 0x00007fdd692421d0 code [0x00007fdd69242340, 0x00007fdd69242ab8]
Event: 0,685 Thread 0x00007fdd78356800  504       3       sun.security.provider.DigestBase::implCompressMultiBlock (23 bytes)
Event: 0,685 Thread 0x00007fdd78356800 nmethod 504 0x00007fdd69241c90 code [0x00007fdd69241e00, 0x00007fdd692420e8]
Event: 0,685 Thread 0x00007fdd78352000  505       4       sun.security.provider.SHA::implCompress (491 bytes)
Event: 0,700 Thread 0x00007fdd78356800  506       1       java.lang.ThreadLocal::getMap (5 bytes)
Event: 0,701 Thread 0x00007fdd78356800 nmethod 506 0x00007fdd69241990 code [0x00007fdd69241ae0, 0x00007fdd69241bf0]
Event: 0,701 Thread 0x00007fdd78356800  507   !   3       java.util.zip.ZipFile$ZipFileInputStream::close (110 bytes)
Event: 0,702 Thread 0x00007fdd78356800 nmethod 507 0x00007fdd69240c50 code [0x00007fdd69240e00, 0x00007fdd69241618]

GC Heap History (0 events):
No events

Deoptimization events (2 events):
Event: 0,447 Thread 0x00007fdd7800d000 Uncommon trap: reason=unstable_if action=reinterpret pc=0x00007fdd691aeea0 method=java.lang.String.indexOf([CII[CIII)I @ 3
Event: 0,599 Thread 0x00007fdd7800d000 Uncommon trap: reason=unstable_if action=reinterpret pc=0x00007fdd6918b938 method=java.lang.String.replace(CC)Ljava/lang/String; @ 26

Internal exceptions (10 events):
Event: 0,253 Thread 0x00007fdd7800d000 Exception <a 'java/lang/NoSuchMethodError': java.lang.Object.lambda$static$0(Ljava/lang/String;)Ljava/lang/Boolean;> (0x00000000ec1e7830) thrown at [/build/openjdk-8-YiEakL/openjdk-8-8u121-b13/src/hotspot/src/share/vm/interpreter/linkResolver.cpp, line 58
Event: 0,277 Thread 0x00007fdd7800d000 Exception <a 'java/lang/NoSuchFieldError': method resolution failed> (0x00000000ec26a000) thrown at [/build/openjdk-8-YiEakL/openjdk-8-8u121-b13/src/hotspot/src/share/vm/prims/methodHandles.cpp, line 1146]
Event: 0,284 Thread 0x00007fdd7800d000 Exception <a 'java/lang/NoSuchFieldError': method resolution failed> (0x00000000ec277c20) thrown at [/build/openjdk-8-YiEakL/openjdk-8-8u121-b13/src/hotspot/src/share/vm/prims/methodHandles.cpp, line 1146]
Event: 0,318 Thread 0x00007fdd7800d000 Exception <a 'java/security/PrivilegedActionException'> (0x00000000ec32d9c8) thrown at [/build/openjdk-8-YiEakL/openjdk-8-8u121-b13/src/hotspot/src/share/vm/prims/jvm.cpp, line 1390]
Event: 0,318 Thread 0x00007fdd7800d000 Exception <a 'java/security/PrivilegedActionException'> (0x00000000ec32dbd8) thrown at [/build/openjdk-8-YiEakL/openjdk-8-8u121-b13/src/hotspot/src/share/vm/prims/jvm.cpp, line 1390]
Event: 0,318 Thread 0x00007fdd7800d000 Exception <a 'java/security/PrivilegedActionException'> (0x00000000ec32fc60) thrown at [/build/openjdk-8-YiEakL/openjdk-8-8u121-b13/src/hotspot/src/share/vm/prims/jvm.cpp, line 1390]
Event: 0,318 Thread 0x00007fdd7800d000 Exception <a 'java/security/PrivilegedActionException'> (0x00000000ec32fe70) thrown at [/build/openjdk-8-YiEakL/openjdk-8-8u121-b13/src/hotspot/src/share/vm/prims/jvm.cpp, line 1390]
Event: 0,318 Thread 0x00007fdd7800d000 Exception <a 'java/security/PrivilegedActionException'> (0x00000000ec330948) thrown at [/build/openjdk-8-YiEakL/openjdk-8-8u121-b13/src/hotspot/src/share/vm/prims/jvm.cpp, line 1390]
Event: 0,319 Thread 0x00007fdd7800d000 Exception <a 'java/security/PrivilegedActionException'> (0x00000000ec330b58) thrown at [/build/openjdk-8-YiEakL/openjdk-8-8u121-b13/src/hotspot/src/share/vm/prims/jvm.cpp, line 1390]
Event: 0,695 Thread 0x00007fdd7800d000 Exception <a 'sun/nio/fs/UnixException'> (0x00000000ec8040f0) thrown at [/build/openjdk-8-YiEakL/openjdk-8-8u121-b13/src/hotspot/src/share/vm/prims/jni.cpp, line 709]

Events (10 events):
Event: 0,698 loading class java/nio/file/NoSuchFileException
Event: 0,698 loading class java/nio/file/FileSystemException
Event: 0,699 loading class java/nio/file/FileSystemException done
Event: 0,699 loading class java/nio/file/NoSuchFileException done
Event: 0,699 loading class org/lwjgl/opengl/GL$2
Event: 0,699 loading class org/lwjgl/opengl/GL$2 done
Event: 0,700 loading class org/lwjgl/opengl/GL$SharedLibraryGL
Event: 0,700 loading class org/lwjgl/opengl/GL$SharedLibraryGL done
Event: 0,700 loading class org/lwjgl/system/SharedLibrary$Delegate
Event: 0,700 loading class org/lwjgl/system/SharedLibrary$Delegate done


Dynamic libraries:
00400000-00401000 r-xp 00000000 08:01 13504730                           /usr/lib/jvm/java-8-openjdk-amd64/jre/bin/java
00600000-00601000 r--p 00000000 08:01 13504730                           /usr/lib/jvm/java-8-openjdk-amd64/jre/bin/java
00601000-00602000 rw-p 00001000 08:01 13504730                           /usr/lib/jvm/java-8-openjdk-amd64/jre/bin/java
00d47000-00d68000 rw-p 00000000 00:00 0                                  [heap]
c3a00000-c6380000 rw-p 00000000 00:00 0 
c6380000-ebe00000 ---p 00000000 00:00 0 
ebe00000-ed280000 rw-p 00000000 00:00 0 
ed280000-100000000 ---p 00000000 00:00 0 
100000000-1000e0000 rw-p 00000000 00:00 0 
1000e0000-140000000 ---p 00000000 00:00 0 
7fdd26ffb000-7fdd28000000 rw-p 00000000 00:00 0 
7fdd28000000-7fdd28021000 rw-p 00000000 00:00 0 
7fdd28021000-7fdd2c000000 ---p 00000000 00:00 0 
7fdd2c985000-7fdd2c9ee000 r-xp 00000000 08:01 22675517                   /tmp/lwjglgabriela/3.1.2-build-29/liblwjgl_opengl.so
7fdd2c9ee000-7fdd2cbed000 ---p 00069000 08:01 22675517                   /tmp/lwjglgabriela/3.1.2-build-29/liblwjgl_opengl.so
7fdd2cbed000-7fdd2cbee000 r--p 00068000 08:01 22675517                   /tmp/lwjglgabriela/3.1.2-build-29/liblwjgl_opengl.so
7fdd2cbee000-7fdd2cbef000 rw-p 00069000 08:01 22675517                   /tmp/lwjglgabriela/3.1.2-build-29/liblwjgl_opengl.so
7fdd2cbef000-7fdd2ceb7000 rw-p 00000000 00:00 0 
7fdd2ceb7000-7fdd2ceee000 r-xp 00000000 08:01 12592103                   /usr/lib/x86_64-linux-gnu/libtxc_dxtn_s2tc.so.0.0.0
7fdd2ceee000-7fdd2d0ed000 ---p 00037000 08:01 12592103                   /usr/lib/x86_64-linux-gnu/libtxc_dxtn_s2tc.so.0.0.0
7fdd2d0ed000-7fdd2d0ee000 r--p 00036000 08:01 12592103                   /usr/lib/x86_64-linux-gnu/libtxc_dxtn_s2tc.so.0.0.0
7fdd2d0ee000-7fdd2d0ef000 rw-p 00037000 08:01 12592103                   /usr/lib/x86_64-linux-gnu/libtxc_dxtn_s2tc.so.0.0.0
7fdd2d0ef000-7fdd2d0f7000 r-xp 00000000 08:01 12591888                   /usr/lib/x86_64-linux-gnu/libpciaccess.so.0.11.1
7fdd2d0f7000-7fdd2d2f7000 ---p 00008000 08:01 12591888                   /usr/lib/x86_64-linux-gnu/libpciaccess.so.0.11.1
7fdd2d2f7000-7fdd2d2f8000 r--p 00008000 08:01 12591888                   /usr/lib/x86_64-linux-gnu/libpciaccess.so.0.11.1
7fdd2d2f8000-7fdd2d2f9000 rw-p 00009000 08:01 12591888                   /usr/lib/x86_64-linux-gnu/libpciaccess.so.0.11.1
7fdd2d2f9000-7fdd2d30b000 r-xp 00000000 08:01 14421474                   /lib/x86_64-linux-gnu/libgpg-error.so.0.17.0
7fdd2d30b000-7fdd2d50b000 ---p 00012000 08:01 14421474                   /lib/x86_64-linux-gnu/libgpg-error.so.0.17.0
7fdd2d50b000-7fdd2d50c000 r--p 00012000 08:01 14421474                   /lib/x86_64-linux-gnu/libgpg-error.so.0.17.0
7fdd2d50c000-7fdd2d50d000 rw-p 00013000 08:01 14421474                   /lib/x86_64-linux-gnu/libgpg-error.so.0.17.0
7fdd2d50d000-7fdd2d518000 r-xp 00000000 08:01 12587238                   /usr/lib/x86_64-linux-gnu/libdrm_radeon.so.1.0.1
7fdd2d518000-7fdd2d717000 ---p 0000b000 08:01 12587238                   /usr/lib/x86_64-linux-gnu/libdrm_radeon.so.1.0.1
7fdd2d717000-7fdd2d718000 r--p 0000a000 08:01 12587238                   /usr/lib/x86_64-linux-gnu/libdrm_radeon.so.1.0.1
7fdd2d718000-7fdd2d719000 rw-p 0000b000 08:01 12587238                   /usr/lib/x86_64-linux-gnu/libdrm_radeon.so.1.0.1
7fdd2d719000-7fdd2d720000 r-xp 00000000 08:01 12587240                   /usr/lib/x86_64-linux-gnu/libdrm_nouveau.so.2.0.0
7fdd2d720000-7fdd2d91f000 ---p 00007000 08:01 12587240                   /usr/lib/x86_64-linux-gnu/libdrm_nouveau.so.2.0.0
7fdd2d91f000-7fdd2d920000 r--p 00006000 08:01 12587240                   /usr/lib/x86_64-linux-gnu/libdrm_nouveau.so.2.0.0
7fdd2d920000-7fdd2d921000 rw-p 00007000 08:01 12587240                   /usr/lib/x86_64-linux-gnu/libdrm_nouveau.so.2.0.0
7fdd2d921000-7fdd2d941000 r-xp 00000000 08:01 12587236                   /usr/lib/x86_64-linux-gnu/libdrm_intel.so.1.0.0
7fdd2d941000-7fdd2db40000 ---p 00020000 08:01 12587236                   /usr/lib/x86_64-linux-gnu/libdrm_intel.so.1.0.0
7fdd2db40000-7fdd2db41000 r--p 0001f000 08:01 12587236                   /usr/lib/x86_64-linux-gnu/libdrm_intel.so.1.0.0
7fdd2db41000-7fdd2db42000 rw-p 00020000 08:01 12587236                   /usr/lib/x86_64-linux-gnu/libdrm_intel.so.1.0.0
7fdd2db42000-7fdd2dc1a000 r-xp 00000000 08:01 14421591                   /lib/x86_64-linux-gnu/libgcrypt.so.20.0.5
7fdd2dc1a000-7fdd2de19000 ---p 000d8000 08:01 14421591                   /lib/x86_64-linux-gnu/libgcrypt.so.20.0.5
7fdd2de19000-7fdd2de1a000 r--p 000d7000 08:01 14421591                   /lib/x86_64-linux-gnu/libgcrypt.so.20.0.5
7fdd2de1a000-7fdd2de22000 rw-p 000d8000 08:01 14421591                   /lib/x86_64-linux-gnu/libgcrypt.so.20.0.5
7fdd2de22000-7fdd2de23000 rw-p 00000000 00:00 0 
7fdd2de23000-7fdd2e483000 r-xp 00000000 08:01 12846623                   /usr/lib/x86_64-linux-gnu/dri/i965_dri.so
7fdd2e483000-7fdd2e683000 ---p 00660000 08:01 12846623                   /usr/lib/x86_64-linux-gnu/dri/i965_dri.so
7fdd2e683000-7fdd2e6c2000 r--p 00660000 08:01 12846623                   /usr/lib/x86_64-linux-gnu/dri/i965_dri.so
7fdd2e6c2000-7fdd2e6ca000 rw-p 0069f000 08:01 12846623                   /usr/lib/x86_64-linux-gnu/dri/i965_dri.so
7fdd2e6ca000-7fdd2e6d2000 rw-p 00000000 00:00 0 
7fdd2e6d2000-7fdd2e6f0000 r-xp 00000000 08:01 14419143                   /lib/x86_64-linux-gnu/libudev.so.1.6.4
7fdd2e6f0000-7fdd2e6f1000 r--p 0001d000 08:01 14419143                   /lib/x86_64-linux-gnu/libudev.so.1.6.4
7fdd2e6f1000-7fdd2e6f2000 rw-p 0001e000 08:01 14419143                   /lib/x86_64-linux-gnu/libudev.so.1.6.4
7fdd2e6f2000-7fdd2e700000 r-xp 00000000 08:01 12587244                   /usr/lib/x86_64-linux-gnu/libdrm.so.2.4.0
7fdd2e700000-7fdd2e8ff000 ---p 0000e000 08:01 12587244                   /usr/lib/x86_64-linux-gnu/libdrm.so.2.4.0
7fdd2e8ff000-7fdd2e900000 r--p 0000d000 08:01 12587244                   /usr/lib/x86_64-linux-gnu/libdrm.so.2.4.0
7fdd2e900000-7fdd2e901000 rw-p 0000e000 08:01 12587244                   /usr/lib/x86_64-linux-gnu/libdrm.so.2.4.0
7fdd2e901000-7fdd2e905000 r-xp 00000000 08:01 12595151                   /usr/lib/x86_64-linux-gnu/libxcb-dri2.so.0.0.0
7fdd2e905000-7fdd2eb04000 ---p 00004000 08:01 12595151                   /usr/lib/x86_64-linux-gnu/libxcb-dri2.so.0.0.0
7fdd2eb04000-7fdd2eb05000 r--p 00003000 08:01 12595151                   /usr/lib/x86_64-linux-gnu/libxcb-dri2.so.0.0.0
7fdd2eb05000-7fdd2eb06000 rw-p 00004000 08:01 12595151                   /usr/lib/x86_64-linux-gnu/libxcb-dri2.so.0.0.0
7fdd2eb06000-7fdd2eb1d000 r-xp 00000000 08:01 12595154                   /usr/lib/x86_64-linux-gnu/libxcb-glx.so.0.0.0
7fdd2eb1d000-7fdd2ed1c000 ---p 00017000 08:01 12595154                   /usr/lib/x86_64-linux-gnu/libxcb-glx.so.0.0.0
7fdd2ed1c000-7fdd2ed1e000 r--p 00016000 08:01 12595154                   /usr/lib/x86_64-linux-gnu/libxcb-glx.so.0.0.0
7fdd2ed1e000-7fdd2ed1f000 rw-p 00018000 08:01 12595154                   /usr/lib/x86_64-linux-gnu/libxcb-glx.so.0.0.0
7fdd2ed1f000-7fdd2ed21000 r-xp 00000000 08:01 12591137                   /usr/lib/x86_64-linux-gnu/libXdamage.so.1.1.0
7fdd2ed21000-7fdd2ef20000 ---p 00002000 08:01 12591137                   /usr/lib/x86_64-linux-gnu/libXdamage.so.1.1.0
7fdd2ef20000-7fdd2ef21000 r--p 00001000 08:01 12591137                   /usr/lib/x86_64-linux-gnu/libXdamage.so.1.1.0
7fdd2ef21000-7fdd2ef22000 rw-p 00002000 08:01 12591137                   /usr/lib/x86_64-linux-gnu/libXdamage.so.1.1.0
7fdd2ef22000-7fdd2ef4b000 r-xp 00000000 08:01 12587247                   /usr/lib/x86_64-linux-gnu/libglapi.so.0.0.0
7fdd2ef4b000-7fdd2f14b000 ---p 00029000 08:01 12587247                   /usr/lib/x86_64-linux-gnu/libglapi.so.0.0.0
7fdd2f14b000-7fdd2f14f000 r--p 00029000 08:01 12587247                   /usr/lib/x86_64-linux-gnu/libglapi.so.0.0.0
7fdd2f14f000-7fdd2f150000 rw-p 0002d000 08:01 12587247                   /usr/lib/x86_64-linux-gnu/libglapi.so.0.0.0
7fdd2f150000-7fdd2f151000 rw-p 00000000 00:00 0 
7fdd2f151000-7fdd2f152000 r-xp 00000000 08:01 12592240                   /usr/lib/x86_64-linux-gnu/libxshmfence.so.1.0.0
7fdd2f152000-7fdd2f352000 ---p 00001000 08:01 12592240                   /usr/lib/x86_64-linux-gnu/libxshmfence.so.1.0.0
7fdd2f352000-7fdd2f353000 r--p 00001000 08:01 12592240                   /usr/lib/x86_64-linux-gnu/libxshmfence.so.1.0.0
7fdd2f353000-7fdd2f354000 rw-p 00002000 08:01 12592240                   /usr/lib/x86_64-linux-gnu/libxshmfence.so.1.0.0
7fdd2f354000-7fdd2f359000 r-xp 00000000 08:01 12595148                   /usr/lib/x86_64-linux-gnu/libxcb-sync.so.1.0.0
7fdd2f359000-7fdd2f559000 ---p 00005000 08:01 12595148                   /usr/lib/x86_64-linux-gnu/libxcb-sync.so.1.0.0
7fdd2f559000-7fdd2f55a000 r--p 00005000 08:01 12595148                   /usr/lib/x86_64-linux-gnu/libxcb-sync.so.1.0.0
7fdd2f55a000-7fdd2f55b000 rw-p 00006000 08:01 12595148                   /usr/lib/x86_64-linux-gnu/libxcb-sync.so.1.0.0
7fdd2f55b000-7fdd2f55d000 r-xp 00000000 08:01 12595124                   /usr/lib/x86_64-linux-gnu/libxcb-present.so.0.0.0
7fdd2f55d000-7fdd2f75c000 ---p 00002000 08:01 12595124                   /usr/lib/x86_64-linux-gnu/libxcb-present.so.0.0.0
7fdd2f75c000-7fdd2f75d000 r--p 00001000 08:01 12595124                   /usr/lib/x86_64-linux-gnu/libxcb-present.so.0.0.0
7fdd2f75d000-7fdd2f75e000 rw-p 00002000 08:01 12595124                   /usr/lib/x86_64-linux-gnu/libxcb-present.so.0.0.0
7fdd2f75e000-7fdd2f760000 r-xp 00000000 08:01 12591084                   /usr/lib/x86_64-linux-gnu/libxcb-dri3.so.0.0.0
7fdd2f760000-7fdd2f95f000 ---p 00002000 08:01 12591084                   /usr/lib/x86_64-linux-gnu/libxcb-dri3.so.0.0.0
7fdd2f95f000-7fdd2f960000 r--p 00001000 08:01 12591084                   /usr/lib/x86_64-linux-gnu/libxcb-dri3.so.0.0.0
7fdd2f960000-7fdd2f961000 rw-p 00002000 08:01 12591084                   /usr/lib/x86_64-linux-gnu/libxcb-dri3.so.0.0.0
7fdd2f961000-7fdd2f987000 r-xp 00000000 08:01 14421495                   /lib/x86_64-linux-gnu/libexpat.so.1.6.0
7fdd2f987000-7fdd2fb87000 ---p 00026000 08:01 14421495                   /lib/x86_64-linux-gnu/libexpat.so.1.6.0
7fdd2fb87000-7fdd2fb89000 r--p 00026000 08:01 14421495                   /lib/x86_64-linux-gnu/libexpat.so.1.6.0
7fdd2fb89000-7fdd2fb8a000 rw-p 00028000 08:01 14421495                   /lib/x86_64-linux-gnu/libexpat.so.1.6.0
7fdd2fb8a000-7fdd2fbfa000 r-xp 00000000 08:01 12978860                   /usr/lib/x86_64-linux-gnu/mesa/libGL.so.1.2.0
7fdd2fbfa000-7fdd2fdf9000 ---p 00070000 08:01 12978860                   /usr/lib/x86_64-linux-gnu/mesa/libGL.so.1.2.0
7fdd2fdf9000-7fdd2fdfc000 r--p 0006f000 08:01 12978860                   /usr/lib/x86_64-linux-gnu/mesa/libGL.so.1.2.0
7fdd2fdfc000-7fdd2fdfd000 rw-p 00072000 08:01 12978860                   /usr/lib/x86_64-linux-gnu/mesa/libGL.so.1.2.0
7fdd2fdfd000-7fdd2fdfe000 rw-p 00000000 00:00 0 
7fdd2fdfe000-7fdd2fdff000 r-xp 00000000 08:01 12591122                   /usr/lib/x86_64-linux-gnu/libX11-xcb.so.1.0.0
7fdd2fdff000-7fdd2fffe000 ---p 00001000 08:01 12591122                   /usr/lib/x86_64-linux-gnu/libX11-xcb.so.1.0.0
7fdd2fffe000-7fdd2ffff000 r--p 00000000 08:01 12591122                   /usr/lib/x86_64-linux-gnu/libX11-xcb.so.1.0.0
7fdd2ffff000-7fdd30000000 rw-p 00001000 08:01 12591122                   /usr/lib/x86_64-linux-gnu/libX11-xcb.so.1.0.0
7fdd30000000-7fdd301dd000 rw-p 00000000 00:00 0 
7fdd301dd000-7fdd34000000 ---p 00000000 00:00 0 
7fdd34000000-7fdd34021000 rw-p 00000000 00:00 0 
7fdd34021000-7fdd38000000 ---p 00000000 00:00 0 
7fdd38000000-7fdd38207000 rw-p 00000000 00:00 0 
7fdd38207000-7fdd3c000000 ---p 00000000 00:00 0 
7fdd3c000000-7fdd3c0a7000 rw-p 00000000 00:00 0 
7fdd3c0a7000-7fdd40000000 ---p 00000000 00:00 0 
7fdd40000000-7fdd40021000 rw-p 00000000 00:00 0 
7fdd40021000-7fdd44000000 ---p 00000000 00:00 0 
7fdd44000000-7fdd44021000 rw-p 00000000 00:00 0 
7fdd44021000-7fdd48000000 ---p 00000000 00:00 0 
7fdd48000000-7fdd48021000 rw-p 00000000 00:00 0 
7fdd48021000-7fdd4c000000 ---p 00000000 00:00 0 
7fdd4c000000-7fdd4c021000 rw-p 00000000 00:00 0 
7fdd4c021000-7fdd50000000 ---p 00000000 00:00 0 
7fdd50000000-7fdd50021000 rw-p 00000000 00:00 0 
7fdd50021000-7fdd54000000 ---p 00000000 00:00 0 
7fdd54000000-7fdd54021000 rw-p 00000000 00:00 0 
7fdd54021000-7fdd58000000 ---p 00000000 00:00 0 
7fdd58003000-7fdd58012000 r-xp 00000000 08:01 12583834                   /usr/lib/x86_64-linux-gnu/libXi.so.6.1.0
7fdd58012000-7fdd58211000 ---p 0000f000 08:01 12583834                   /usr/lib/x86_64-linux-gnu/libXi.so.6.1.0
7fdd58211000-7fdd58212000 r--p 0000e000 08:01 12583834                   /usr/lib/x86_64-linux-gnu/libXi.so.6.1.0
7fdd58212000-7fdd58213000 rw-p 0000f000 08:01 12583834                   /usr/lib/x86_64-linux-gnu/libXi.so.6.1.0
7fdd58213000-7fdd58218000 r-xp 00000000 08:01 12591177                   /usr/lib/x86_64-linux-gnu/libXxf86vm.so.1.0.0
7fdd58218000-7fdd58417000 ---p 00005000 08:01 12591177                   /usr/lib/x86_64-linux-gnu/libXxf86vm.so.1.0.0
7fdd58417000-7fdd58418000 r--p 00004000 08:01 12591177                   /usr/lib/x86_64-linux-gnu/libXxf86vm.so.1.0.0
7fdd58418000-7fdd58419000 rw-p 00005000 08:01 12591177                   /usr/lib/x86_64-linux-gnu/libXxf86vm.so.1.0.0
7fdd58419000-7fdd5841e000 r-xp 00000000 08:01 12588652                   /usr/lib/x86_64-linux-gnu/libXdmcp.so.6.0.0
7fdd5841e000-7fdd5861d000 ---p 00005000 08:01 12588652                   /usr/lib/x86_64-linux-gnu/libXdmcp.so.6.0.0
7fdd5861d000-7fdd5861e000 r--p 00004000 08:01 12588652                   /usr/lib/x86_64-linux-gnu/libXdmcp.so.6.0.0
7fdd5861e000-7fdd5861f000 rw-p 00005000 08:01 12588652                   /usr/lib/x86_64-linux-gnu/libXdmcp.so.6.0.0
7fdd5861f000-7fdd58621000 r-xp 00000000 08:01 12591128                   /usr/lib/x86_64-linux-gnu/libXau.so.6.0.0
7fdd58621000-7fdd58821000 ---p 00002000 08:01 12591128                   /usr/lib/x86_64-linux-gnu/libXau.so.6.0.0
7fdd58821000-7fdd58822000 r--p 00002000 08:01 12591128                   /usr/lib/x86_64-linux-gnu/libXau.so.6.0.0
7fdd58822000-7fdd58823000 rw-p 00003000 08:01 12591128                   /usr/lib/x86_64-linux-gnu/libXau.so.6.0.0
7fdd58823000-7fdd58828000 r-xp 00000000 08:01 12591143                   /usr/lib/x86_64-linux-gnu/libXfixes.so.3.1.0
7fdd58828000-7fdd58a27000 ---p 00005000 08:01 12591143                   /usr/lib/x86_64-linux-gnu/libXfixes.so.3.1.0
7fdd58a27000-7fdd58a28000 r--p 00004000 08:01 12591143                   /usr/lib/x86_64-linux-gnu/libXfixes.so.3.1.0
7fdd58a28000-7fdd58a29000 rw-p 00005000 08:01 12591143                   /usr/lib/x86_64-linux-gnu/libXfixes.so.3.1.0
7fdd58a29000-7fdd58a32000 r-xp 00000000 08:01 12591161                   /usr/lib/x86_64-linux-gnu/libXrender.so.1.3.0
7fdd58a32000-7fdd58c31000 ---p 00009000 08:01 12591161                   /usr/lib/x86_64-linux-gnu/libXrender.so.1.3.0
7fdd58c31000-7fdd58c32000 r--p 00008000 08:01 12591161                   /usr/lib/x86_64-linux-gnu/libXrender.so.1.3.0
7fdd58c32000-7fdd58c33000 rw-p 00009000 08:01 12591161                   /usr/lib/x86_64-linux-gnu/libXrender.so.1.3.0
7fdd58c33000-7fdd58c44000 r-xp 00000000 08:01 12591141                   /usr/lib/x86_64-linux-gnu/libXext.so.6.4.0
7fdd58c44000-7fdd58e43000 ---p 00011000 08:01 12591141                   /usr/lib/x86_64-linux-gnu/libXext.so.6.4.0
7fdd58e43000-7fdd58e44000 r--p 00010000 08:01 12591141                   /usr/lib/x86_64-linux-gnu/libXext.so.6.4.0
7fdd58e44000-7fdd58e45000 rw-p 00011000 08:01 12591141                   /usr/lib/x86_64-linux-gnu/libXext.so.6.4.0
7fdd58e45000-7fdd58e66000 r-xp 00000000 08:01 12588611                   /usr/lib/x86_64-linux-gnu/libxcb.so.1.1.0
7fdd58e66000-7fdd59065000 ---p 00021000 08:01 12588611                   /usr/lib/x86_64-linux-gnu/libxcb.so.1.1.0
7fdd59065000-7fdd59066000 r--p 00020000 08:01 12588611                   /usr/lib/x86_64-linux-gnu/libxcb.so.1.1.0
7fdd59066000-7fdd59067000 rw-p 00021000 08:01 12588611                   /usr/lib/x86_64-linux-gnu/libxcb.so.1.1.0
7fdd59067000-7fdd59070000 r-xp 00000000 08:01 12591135                   /usr/lib/x86_64-linux-gnu/libXcursor.so.1.0.2
7fdd59070000-7fdd5926f000 ---p 00009000 08:01 12591135                   /usr/lib/x86_64-linux-gnu/libXcursor.so.1.0.2
7fdd5926f000-7fdd59270000 r--p 00008000 08:01 12591135                   /usr/lib/x86_64-linux-gnu/libXcursor.so.1.0.2
7fdd59270000-7fdd59271000 rw-p 00009000 08:01 12591135                   /usr/lib/x86_64-linux-gnu/libXcursor.so.1.0.2
7fdd59271000-7fdd59273000 r-xp 00000000 08:01 12591151                   /usr/lib/x86_64-linux-gnu/libXinerama.so.1.0.0
7fdd59273000-7fdd59472000 ---p 00002000 08:01 12591151                   /usr/lib/x86_64-linux-gnu/libXinerama.so.1.0.0
7fdd59472000-7fdd59473000 r--p 00001000 08:01 12591151                   /usr/lib/x86_64-linux-gnu/libXinerama.so.1.0.0
7fdd59473000-7fdd59474000 rw-p 00002000 08:01 12591151                   /usr/lib/x86_64-linux-gnu/libXinerama.so.1.0.0
7fdd59474000-7fdd5947e000 r-xp 00000000 08:01 12591159                   /usr/lib/x86_64-linux-gnu/libXrandr.so.2.2.0
7fdd5947e000-7fdd5967d000 ---p 0000a000 08:01 12591159                   /usr/lib/x86_64-linux-gnu/libXrandr.so.2.2.0
7fdd5967d000-7fdd5967e000 r--p 00009000 08:01 12591159                   /usr/lib/x86_64-linux-gnu/libXrandr.so.2.2.0
7fdd5967e000-7fdd5967f000 rw-p 0000a000 08:01 12591159                   /usr/lib/x86_64-linux-gnu/libXrandr.so.2.2.0
7fdd5967f000-7fdd597b4000 r-xp 00000000 08:01 12591124                   /usr/lib/x86_64-linux-gnu/libX11.so.6.3.0
7fdd597b4000-7fdd599b4000 ---p 00135000 08:01 12591124                   /usr/lib/x86_64-linux-gnu/libX11.so.6.3.0
7fdd599b4000-7fdd599b5000 r--p 00135000 08:01 12591124                   /usr/lib/x86_64-linux-gnu/libX11.so.6.3.0
7fdd599b5000-7fdd599b9000 rw-p 00136000 08:01 12591124                   /usr/lib/x86_64-linux-gnu/libX11.so.6.3.0
7fdd599cb000-7fdd599cc000 r-xp 00000000 00:00 0 
7fdd599cc000-7fdd599d4000 rw-s 00000000 00:05 145535                     /drm mm object (deleted)
7fdd599d4000-7fdd599dc000 rw-s 00000000 00:05 145534                     /drm mm object (deleted)
7fdd599dc000-7fdd599dd000 rw-s 00000000 00:05 145531                     /drm mm object (deleted)
7fdd599dd000-7fdd599de000 rw-s 10405b000 00:06 231                       /dev/dri/card0
7fdd599de000-7fdd599fe000 r-xp 00000000 08:01 22675523                   /tmp/lwjglgabriela/3.1.2-build-29/libglfw.so
7fdd599fe000-7fdd59bfd000 ---p 00020000 08:01 22675523                   /tmp/lwjglgabriela/3.1.2-build-29/libglfw.so
7fdd59bfd000-7fdd59bfe000 r--p 0001f000 08:01 22675523                   /tmp/lwjglgabriela/3.1.2-build-29/libglfw.so
7fdd59bfe000-7fdd59bff000 rw-p 00020000 08:01 22675523                   /tmp/lwjglgabriela/3.1.2-build-29/libglfw.so
7fdd59bff000-7fdd59c00000 rw-p 00000000 00:00 0 
7fdd59c00000-7fdd59e00000 rw-p 00000000 00:00 0 
7fdd59e00000-7fdd59e08000 rw-s 00000000 00:05 145529                     /drm mm object (deleted)
7fdd59e08000-7fdd59e0f000 r--s 00000000 08:01 12851269                   /usr/lib/x86_64-linux-gnu/gconv/gconv-modules.cache
7fdd59e0f000-7fdd59e10000 r-xp 00000000 00:00 0 
7fdd59e10000-7fdd59e4b000 r-xp 00000000 08:01 22675522                   /tmp/lwjglgabriela/3.1.2-build-29/libjemalloc.so
7fdd59e4b000-7fdd5a04a000 ---p 0003b000 08:01 22675522                   /tmp/lwjglgabriela/3.1.2-build-29/libjemalloc.so
7fdd5a04a000-7fdd5a04d000 r--p 0003a000 08:01 22675522                   /tmp/lwjglgabriela/3.1.2-build-29/libjemalloc.so
7fdd5a04d000-7fdd5a04e000 rw-p 0003d000 08:01 22675522                   /tmp/lwjglgabriela/3.1.2-build-29/libjemalloc.so
7fdd5a04e000-7fdd5a04f000 rw-p 00000000 00:00 0 
7fdd5a04f000-7fdd5a053000 r--s 0009a000 08:01 13504719                   /usr/lib/jvm/java-8-openjdk-amd64/jre/lib/jsse.jar
7fdd5a053000-7fdd5a0a3000 r-xp 00000000 08:01 22675521                   /tmp/lwjglgabriela/3.1.2-build-29/liblwjgl.so
7fdd5a0a3000-7fdd5a2a2000 ---p 00050000 08:01 22675521                   /tmp/lwjglgabriela/3.1.2-build-29/liblwjgl.so
7fdd5a2a2000-7fdd5a2a3000 r--p 0004f000 08:01 22675521                   /tmp/lwjglgabriela/3.1.2-build-29/liblwjgl.so
7fdd5a2a3000-7fdd5a2a4000 rw-p 00050000 08:01 22675521                   /tmp/lwjglgabriela/3.1.2-build-29/liblwjgl.so
7fdd5a2a4000-7fdd5a2b5000 r-xp 00000000 08:01 13504663                   /usr/lib/jvm/java-8-openjdk-amd64/jre/lib/amd64/libnio.so
7fdd5a2b5000-7fdd5a4b5000 ---p 00011000 08:01 13504663                   /usr/lib/jvm/java-8-openjdk-amd64/jre/lib/amd64/libnio.so
7fdd5a4b5000-7fdd5a4b6000 r--p 00011000 08:01 13504663                   /usr/lib/jvm/java-8-openjdk-amd64/jre/lib/amd64/libnio.so
7fdd5a4b6000-7fdd5a4b7000 rw-p 00012000 08:01 13504663                   /usr/lib/jvm/java-8-openjdk-amd64/jre/lib/amd64/libnio.so
7fdd5a4b7000-7fdd5a4b8000 ---p 00000000 00:00 0 
7fdd5a4b8000-7fdd5a8b9000 rw-p 00000000 00:00 0 
7fdd5a8b9000-7fdd5a8d0000 r-xp 00000000 08:01 13504651                   /usr/lib/jvm/java-8-openjdk-amd64/jre/lib/amd64/libnet.so
7fdd5a8d0000-7fdd5aacf000 ---p 00017000 08:01 13504651                   /usr/lib/jvm/java-8-openjdk-amd64/jre/lib/amd64/libnet.so
7fdd5aacf000-7fdd5aad0000 r--p 00016000 08:01 13504651                   /usr/lib/jvm/java-8-openjdk-amd64/jre/lib/amd64/libnet.so
7fdd5aad0000-7fdd5aad1000 rw-p 00017000 08:01 13504651                   /usr/lib/jvm/java-8-openjdk-amd64/jre/lib/amd64/libnet.so
7fdd5aad1000-7fdd5aad4000 ---p 00000000 00:00 0 
7fdd5aad4000-7fdd5abd2000 rw-p 00000000 00:00 0 
7fdd5abd2000-7fdd5abd5000 ---p 00000000 00:00 0 
7fdd5abd5000-7fdd5acd3000 rw-p 00000000 00:00 0 
7fdd5acd3000-7fdd5acd6000 ---p 00000000 00:00 0 
7fdd5acd6000-7fdd5add4000 rw-p 00000000 00:00 0 
7fdd5add4000-7fdd5add7000 ---p 00000000 00:00 0 
7fdd5add7000-7fdd5aed5000 rw-p 00000000 00:00 0 
7fdd5aed5000-7fdd5aed8000 ---p 00000000 00:00 0 
7fdd5aed8000-7fdd5afd6000 rw-p 00000000 00:00 0 
7fdd5afd6000-7fdd5afd8000 r--s 0001a000 08:01 11015352                   /opt/idea-IU-172.3968.16/lib/idea_rt.jar
7fdd5afd8000-7fdd5afd9000 r--s 0000a000 08:03 22153201                   /home/gabriela/.m2/repository/org/lwjgl/lwjgl-yoga/3.1.2/lwjgl-yoga-3.1.2-natives-linux.jar
7fdd5afd9000-7fdd5afda000 r--s 00001000 08:03 22022888                   /home/gabriela/.m2/repository/org/lwjgl/lwjgl-xxhash/3.1.2/lwjgl-xxhash-3.1.2-natives-linux.jar
7fdd5afda000-7fdd5afdb000 r--s 00008000 08:03 21760811                   /home/gabriela/.m2/repository/org/lwjgl/lwjgl-tinyfd/3.1.2/lwjgl-tinyfd-3.1.2-natives-linux.jar
7fdd5afdb000-7fdd5afdc000 r--s 0000d000 08:03 21498231                   /home/gabriela/.m2/repository/org/lwjgl/lwjgl-tinyexr/3.1.2/lwjgl-tinyexr-3.1.2-natives-linux.jar
7fdd5afdc000-7fdd5afdd000 r--s 0002d000 08:03 21236336                   /home/gabriela/.m2/repository/org/lwjgl/lwjgl-stb/3.1.2/lwjgl-stb-3.1.2-natives-linux.jar
7fdd5afdd000-7fdd5afde000 r--s 00000000 08:03 19926847                   /home/gabriela/.m2/repository/org/lwjgl/lwjgl-sse/3.1.2/lwjgl-sse-3.1.2-natives-linux.jar
7fdd5afde000-7fdd5afdf000 r--s 00005000 08:03 19662733                   /home/gabriela/.m2/repository/org/lwjgl/lwjgl-par/3.1.2/lwjgl-par-3.1.2-natives-linux.jar
7fdd5afdf000-7fdd5afe1000 r--s 0001b000 08:03 19141277                   /home/gabriela/.m2/repository/org/lwjgl/lwjgl-openvr/3.1.2/lwjgl-openvr-3.1.2-natives-linux.jar
7fdd5afe1000-7fdd5afe2000 r--s 00007000 08:03 18878380                   /home/gabriela/.m2/repository/org/lwjgl/lwjgl-opengles/3.1.2/lwjgl-opengles-3.1.2-natives-linux.jar
7fdd5afe2000-7fdd5afe3000 r--s 00015000 08:03 18616134                   /home/gabriela/.m2/repository/org/lwjgl/lwjgl-opengl/3.1.2/lwjgl-opengl-3.1.2-natives-linux.jar
7fdd5afe3000-7fdd5afe4000 r--s 00077000 08:03 18096741                   /home/gabriela/.m2/repository/org/lwjgl/lwjgl-openal/3.1.2/lwjgl-openal-3.1.2-natives-linux.jar
7fdd5afe4000-7fdd5afe5000 r--s 00021000 08:03 17837584                   /home/gabriela/.m2/repository/org/lwjgl/lwjgl-nuklear/3.1.2/lwjgl-nuklear-3.1.2-natives-linux.jar
7fdd5afe5000-7fdd5afe6000 r--s 00001000 08:03 17568425                   /home/gabriela/.m2/repository/org/lwjgl/lwjgl-nfd/3.1.2/lwjgl-nfd-3.1.2-natives-linux.jar
7fdd5afe6000-7fdd5afe7000 r--s 00020000 08:03 17306024                   /home/gabriela/.m2/repository/org/lwjgl/lwjgl-nanovg/3.1.2/lwjgl-nanovg-3.1.2-natives-linux.jar
7fdd5afe7000-7fdd5afe8000 r--s 0000c000 08:03 17052249                   /home/gabriela/.m2/repository/org/lwjgl/lwjgl-lmdb/3.1.2/lwjgl-lmdb-3.1.2-natives-linux.jar
7fdd5afe8000-7fdd5afe9000 r--s 0001a000 08:03 16781786                   /home/gabriela/.m2/repository/org/lwjgl/lwjgl-jemalloc/3.1.2/lwjgl-jemalloc-3.1.2-natives-linux.jar
7fdd5afe9000-7fdd5afea000 r--s 0000e000 08:03 16257390                   /home/gabriela/.m2/repository/org/lwjgl/lwjgl-glfw/3.1.2/lwjgl-glfw-3.1.2-natives-linux.jar
7fdd5afea000-7fdd5afec000 r--s 00046000 08:03 15732517                   /home/gabriela/.m2/repository/org/lwjgl/lwjgl-bgfx/3.1.2/lwjgl-bgfx-3.1.2-natives-linux.jar
7fdd5afec000-7fdd5afed000 r--s 002ad000 08:03 15468300                   /home/gabriela/.m2/repository/org/lwjgl/lwjgl-assimp/3.1.2/lwjgl-assimp-3.1.2-natives-linux.jar
7fdd5afed000-7fdd5afee000 r--s 00012000 08:03 15208144                   /home/gabriela/.m2/repository/org/lwjgl/lwjgl/3.1.2/lwjgl-3.1.2-natives-linux.jar
7fdd5afee000-7fdd5aff0000 r--s 0000a000 08:03 22153199                   /home/gabriela/.m2/repository/org/lwjgl/lwjgl-yoga/3.1.2/lwjgl-yoga-3.1.2.jar
7fdd5aff0000-7fdd5aff1000 r--s 00004000 08:03 22022886                   /home/gabriela/.m2/repository/org/lwjgl/lwjgl-xxhash/3.1.2/lwjgl-xxhash-3.1.2.jar
7fdd5aff1000-7fdd5afff000 r--s 000f3000 08:03 22022884                   /home/gabriela/.m2/repository/org/lwjgl/lwjgl-vulkan/3.1.2/lwjgl-vulkan-3.1.2.jar
7fdd5afff000-7fdd5b000000 r--s 00001000 08:03 21760809                   /home/gabriela/.m2/repository/org/lwjgl/lwjgl-tinyfd/3.1.2/lwjgl-tinyfd-3.1.2.jar
7fdd5b000000-7fdd5b001000 r--s 00009000 08:03 21498229                   /home/gabriela/.m2/repository/org/lwjgl/lwjgl-tinyexr/3.1.2/lwjgl-tinyexr-3.1.2.jar
7fdd5b001000-7fdd5b003000 r--s 00013000 08:03 21236334                   /home/gabriela/.m2/repository/org/lwjgl/lwjgl-stb/3.1.2/lwjgl-stb-3.1.2.jar
7fdd5b003000-7fdd5b004000 r--s 00000000 08:03 19926845                   /home/gabriela/.m2/repository/org/lwjgl/lwjgl-sse/3.1.2/lwjgl-sse-3.1.2.jar
7fdd5b004000-7fdd5b006000 r--s 00001000 08:03 19662731                   /home/gabriela/.m2/repository/org/lwjgl/lwjgl-par/3.1.2/lwjgl-par-3.1.2.jar
7fdd5b006000-7fdd5b00a000 r--s 00046000 08:03 19141275                   /home/gabriela/.m2/repository/org/lwjgl/lwjgl-openvr/3.1.2/lwjgl-openvr-3.1.2.jar
7fdd5b00a000-7fdd5b010000 r--s 00044000 08:03 18878378                   /home/gabriela/.m2/repository/org/lwjgl/lwjgl-opengles/3.1.2/lwjgl-opengles-3.1.2.jar
7fdd5b010000-7fdd5b01a000 r--s 000ac000 08:03 18616132                   /home/gabriela/.m2/repository/org/lwjgl/lwjgl-opengl/3.1.2/lwjgl-opengl-3.1.2.jar
7fdd5b01a000-7fdd5b01d000 ---p 00000000 00:00 0 
7fdd5b01d000-7fdd5b11b000 rw-p 00000000 00:00 0 
7fdd5b11b000-7fdd5b3f4000 r--p 00000000 08:01 12586210                   /usr/lib/locale/locale-archive
7fdd5b3f4000-7fdd5b3f7000 ---p 00000000 00:00 0 
7fdd5b3f7000-7fdd5b4f5000 rw-p 00000000 00:00 0 
7fdd5b4f5000-7fdd5b4f8000 ---p 00000000 00:00 0 
7fdd5b4f8000-7fdd5b5f6000 rw-p 00000000 00:00 0 
7fdd5b5f6000-7fdd5b5f7000 ---p 00000000 00:00 0 
7fdd5b5f7000-7fdd5c000000 rw-p 00000000 00:00 0 
7fdd5c000000-7fdd5c021000 rw-p 00000000 00:00 0 
7fdd5c021000-7fdd60000000 ---p 00000000 00:00 0 
7fdd60000000-7fdd60021000 rw-p 00000000 00:00 0 
7fdd60021000-7fdd64000000 ---p 00000000 00:00 0 
7fdd64000000-7fdd64021000 rw-p 00000000 00:00 0 
7fdd64021000-7fdd68000000 ---p 00000000 00:00 0 
7fdd68000000-7fdd68003000 r--s 00025000 08:03 19403516                   /home/gabriela/.m2/repository/org/lwjgl/lwjgl-ovr/3.1.2/lwjgl-ovr-3.1.2.jar
7fdd68003000-7fdd68006000 r--s 00023000 08:03 18359713                   /home/gabriela/.m2/repository/org/lwjgl/lwjgl-opencl/3.1.2/lwjgl-opencl-3.1.2.jar
7fdd68006000-7fdd68009000 r--s 00010000 08:03 18096739                   /home/gabriela/.m2/repository/org/lwjgl/lwjgl-openal/3.1.2/lwjgl-openal-3.1.2.jar
7fdd68009000-7fdd6800f000 r--s 00054000 08:03 17837582                   /home/gabriela/.m2/repository/org/lwjgl/lwjgl-nuklear/3.1.2/lwjgl-nuklear-3.1.2.jar
7fdd6800f000-7fdd68011000 r--s 00008000 08:03 17306022                   /home/gabriela/.m2/repository/org/lwjgl/lwjgl-nanovg/3.1.2/lwjgl-nanovg-3.1.2.jar
7fdd68011000-7fdd68013000 r--s 00005000 08:03 17052247                   /home/gabriela/.m2/repository/org/lwjgl/lwjgl-lmdb/3.1.2/lwjgl-lmdb-3.1.2.jar
7fdd68013000-7fdd68015000 r--s 00007000 08:03 16781784                   /home/gabriela/.m2/repository/org/lwjgl/lwjgl-jemalloc/3.1.2/lwjgl-jemalloc-3.1.2.jar
7fdd68015000-7fdd68019000 r--s 0001b000 08:03 15995250                   /home/gabriela/.m2/repository/org/lwjgl/lwjgl-egl/3.1.2/lwjgl-egl-3.1.2.jar
7fdd68019000-7fdd6802c000 r--s 00346000 08:01 13504689                   /usr/lib/jvm/java-8-openjdk-amd64/jre/lib/resources.jar
7fdd6802c000-7fdd68632000 rw-p 00000000 00:00 0 
7fdd68632000-7fdd68800000 r--s 03c06000 08:01 13504723                   /usr/lib/jvm/java-8-openjdk-amd64/jre/lib/rt.jar
7fdd68800000-7fdd68e00000 rw-p 00000000 00:00 0 
7fdd68e00000-7fdd69000000 ---p 00000000 00:00 0 
7fdd69000000-7fdd69270000 rwxp 00000000 00:00 0 
7fdd69270000-7fdd78000000 ---p 00000000 00:00 0 
7fdd78000000-7fdd788f5000 rw-p 00000000 00:00 0 
7fdd788f5000-7fdd7c000000 ---p 00000000 00:00 0 
7fdd7c000000-7fdd7c003000 r--s 00015000 08:03 16257388                   /home/gabriela/.m2/repository/org/lwjgl/lwjgl-glfw/3.1.2/lwjgl-glfw-3.1.2.jar
7fdd7c003000-7fdd7c006000 r--s 0001f000 08:03 15732515                   /home/gabriela/.m2/repository/org/lwjgl/lwjgl-bgfx/3.1.2/lwjgl-bgfx-3.1.2.jar
7fdd7c006000-7fdd7c009000 r--s 0002a000 08:03 15468293                   /home/gabriela/.m2/repository/org/lwjgl/lwjgl-assimp/3.1.2/lwjgl-assimp-3.1.2.jar
7fdd7c009000-7fdd7c00e000 r--s 0003e000 08:03 15208146                   /home/gabriela/.m2/repository/org/lwjgl/lwjgl/3.1.2/lwjgl-3.1.2.jar
7fdd7c00e000-7fdd7c012000 r--s 0009a000 08:01 13504719                   /usr/lib/jvm/java-8-openjdk-amd64/jre/lib/jsse.jar
7fdd7c012000-7fdd7c015000 r--s 00015000 08:01 13504720                   /usr/lib/jvm/java-8-openjdk-amd64/jre/lib/jce.jar
7fdd7c015000-7fdd7c01a000 r--s 002f9000 08:01 13504722                   /usr/lib/jvm/java-8-openjdk-amd64/jre/lib/charsets.jar
7fdd7c01a000-7fdd7c035000 r--s 00394000 08:01 13504702                   /usr/lib/jvm/java-8-openjdk-amd64/jre/lib/ext/cldrdata.jar
7fdd7c035000-7fdd7c03a000 r--s 0003b000 08:01 13504716                   /usr/lib/jvm/java-8-openjdk-amd64/jre/lib/ext/sunjce_provider.jar
7fdd7c03a000-7fdd7c044000 r--s 00116000 08:01 13504711                   /usr/lib/jvm/java-8-openjdk-amd64/jre/lib/ext/localedata.jar
7fdd7c044000-7fdd7c047000 r--s 0000f000 08:01 13504701                   /usr/lib/jvm/java-8-openjdk-amd64/jre/lib/ext/icedtea-sound.jar
7fdd7c047000-7fdd7c04b000 r--s 00037000 08:01 13504710                   /usr/lib/jvm/java-8-openjdk-amd64/jre/lib/ext/sunpkcs11.jar
7fdd7c04b000-7fdd7c066000 r--s 001d6000 08:01 13504699                   /usr/lib/jvm/java-8-openjdk-amd64/jre/lib/ext/nashorn.jar
7fdd7c066000-7fdd7e0c6000 rw-p 00000000 00:00 0 
7fdd7e0c6000-7fdd7e0c7000 ---p 00000000 00:00 0 
7fdd7e0c7000-7fdd7e1c7000 rw-p 00000000 00:00 0 
7fdd7e1c7000-7fdd7e1c8000 ---p 00000000 00:00 0 
7fdd7e1c8000-7fdd7e2c8000 rw-p 00000000 00:00 0 
7fdd7e2c8000-7fdd7e2c9000 ---p 00000000 00:00 0 
7fdd7e2c9000-7fdd7e3c9000 rw-p 00000000 00:00 0 
7fdd7e3c9000-7fdd7e3ca000 ---p 00000000 00:00 0 
7fdd7e3ca000-7fdd7e4df000 rw-p 00000000 00:00 0 
7fdd7e4df000-7fdd7e60c000 ---p 00000000 00:00 0 
7fdd7e60c000-7fdd7e621000 rw-p 00000000 00:00 0 
7fdd7e621000-7fdd7e74e000 ---p 00000000 00:00 0 
7fdd7e74e000-7fdd7e759000 rw-p 00000000 00:00 0 
7fdd7e759000-7fdd7e7ef000 ---p 00000000 00:00 0 
7fdd7e7ef000-7fdd7e7fa000 rw-p 00000000 00:00 0 
7fdd7e7fa000-7fdd7ebb0000 ---p 00000000 00:00 0 
7fdd7ebb0000-7fdd7ebb8000 r-xp 00000000 08:01 13504649                   /usr/lib/jvm/java-8-openjdk-amd64/jre/lib/amd64/libzip.so
7fdd7ebb8000-7fdd7edb7000 ---p 00008000 08:01 13504649                   /usr/lib/jvm/java-8-openjdk-amd64/jre/lib/amd64/libzip.so
7fdd7edb7000-7fdd7edb8000 r--p 00007000 08:01 13504649                   /usr/lib/jvm/java-8-openjdk-amd64/jre/lib/amd64/libzip.so
7fdd7edb8000-7fdd7edb9000 rw-p 00008000 08:01 13504649                   /usr/lib/jvm/java-8-openjdk-amd64/jre/lib/amd64/libzip.so
7fdd7edb9000-7fdd7edc4000 r-xp 00000000 08:01 14418741                   /lib/x86_64-linux-gnu/libnss_files-2.23.so
7fdd7edc4000-7fdd7efc3000 ---p 0000b000 08:01 14418741                   /lib/x86_64-linux-gnu/libnss_files-2.23.so
7fdd7efc3000-7fdd7efc4000 r--p 0000a000 08:01 14418741                   /lib/x86_64-linux-gnu/libnss_files-2.23.so
7fdd7efc4000-7fdd7efc5000 rw-p 0000b000 08:01 14418741                   /lib/x86_64-linux-gnu/libnss_files-2.23.so
7fdd7efc5000-7fdd7efcb000 rw-p 00000000 00:00 0 
7fdd7efcb000-7fdd7efd6000 r-xp 00000000 08:01 14418746                   /lib/x86_64-linux-gnu/libnss_nis-2.23.so
7fdd7efd6000-7fdd7f1d5000 ---p 0000b000 08:01 14418746                   /lib/x86_64-linux-gnu/libnss_nis-2.23.so
7fdd7f1d5000-7fdd7f1d6000 r--p 0000a000 08:01 14418746                   /lib/x86_64-linux-gnu/libnss_nis-2.23.so
7fdd7f1d6000-7fdd7f1d7000 rw-p 0000b000 08:01 14418746                   /lib/x86_64-linux-gnu/libnss_nis-2.23.so
7fdd7f1d7000-7fdd7f1ed000 r-xp 00000000 08:01 14418734                   /lib/x86_64-linux-gnu/libnsl-2.23.so
7fdd7f1ed000-7fdd7f3ec000 ---p 00016000 08:01 14418734                   /lib/x86_64-linux-gnu/libnsl-2.23.so
7fdd7f3ec000-7fdd7f3ed000 r--p 00015000 08:01 14418734                   /lib/x86_64-linux-gnu/libnsl-2.23.so
7fdd7f3ed000-7fdd7f3ee000 rw-p 00016000 08:01 14418734                   /lib/x86_64-linux-gnu/libnsl-2.23.so
7fdd7f3ee000-7fdd7f3f0000 rw-p 00000000 00:00 0 
7fdd7f3f0000-7fdd7f3f8000 r-xp 00000000 08:01 14418765                   /lib/x86_64-linux-gnu/libnss_compat-2.23.so
7fdd7f3f8000-7fdd7f5f7000 ---p 00008000 08:01 14418765                   /lib/x86_64-linux-gnu/libnss_compat-2.23.so
7fdd7f5f7000-7fdd7f5f8000 r--p 00007000 08:01 14418765                   /lib/x86_64-linux-gnu/libnss_compat-2.23.so
7fdd7f5f8000-7fdd7f5f9000 rw-p 00008000 08:01 14418765                   /lib/x86_64-linux-gnu/libnss_compat-2.23.so
7fdd7f5f9000-7fdd7f603000 r-xp 00000000 08:01 13504640                   /usr/lib/jvm/java-8-openjdk-amd64/jre/lib/amd64/libinstrument.so
7fdd7f603000-7fdd7f802000 ---p 0000a000 08:01 13504640                   /usr/lib/jvm/java-8-openjdk-amd64/jre/lib/amd64/libinstrument.so
7fdd7f802000-7fdd7f803000 r--p 00009000 08:01 13504640                   /usr/lib/jvm/java-8-openjdk-amd64/jre/lib/amd64/libinstrument.so
7fdd7f803000-7fdd7f804000 rw-p 0000a000 08:01 13504640                   /usr/lib/jvm/java-8-openjdk-amd64/jre/lib/amd64/libinstrument.so
7fdd7f804000-7fdd7f831000 r-xp 00000000 08:01 13504688                   /usr/lib/jvm/java-8-openjdk-amd64/jre/lib/amd64/libjava.so
7fdd7f831000-7fdd7fa30000 ---p 0002d000 08:01 13504688                   /usr/lib/jvm/java-8-openjdk-amd64/jre/lib/amd64/libjava.so
7fdd7fa30000-7fdd7fa31000 r--p 0002c000 08:01 13504688                   /usr/lib/jvm/java-8-openjdk-amd64/jre/lib/amd64/libjava.so
7fdd7fa31000-7fdd7fa33000 rw-p 0002d000 08:01 13504688                   /usr/lib/jvm/java-8-openjdk-amd64/jre/lib/amd64/libjava.so
7fdd7fa33000-7fdd7fa42000 r-xp 00000000 08:01 13504624                   /usr/lib/jvm/java-8-openjdk-amd64/jre/lib/amd64/libverify.so
7fdd7fa42000-7fdd7fc41000 ---p 0000f000 08:01 13504624                   /usr/lib/jvm/java-8-openjdk-amd64/jre/lib/amd64/libverify.so
7fdd7fc41000-7fdd7fc43000 r--p 0000e000 08:01 13504624                   /usr/lib/jvm/java-8-openjdk-amd64/jre/lib/amd64/libverify.so
7fdd7fc43000-7fdd7fc44000 rw-p 00010000 08:01 13504624                   /usr/lib/jvm/java-8-openjdk-amd64/jre/lib/amd64/libverify.so
7fdd7fc44000-7fdd7fc4b000 r-xp 00000000 08:01 14418749                   /lib/x86_64-linux-gnu/librt-2.23.so
7fdd7fc4b000-7fdd7fe4a000 ---p 00007000 08:01 14418749                   /lib/x86_64-linux-gnu/librt-2.23.so
7fdd7fe4a000-7fdd7fe4b000 r--p 00006000 08:01 14418749                   /lib/x86_64-linux-gnu/librt-2.23.so
7fdd7fe4b000-7fdd7fe4c000 rw-p 00007000 08:01 14418749                   /lib/x86_64-linux-gnu/librt-2.23.so
7fdd7fe4c000-7fdd7fe62000 r-xp 00000000 08:01 14417949                   /lib/x86_64-linux-gnu/libgcc_s.so.1
7fdd7fe62000-7fdd80061000 ---p 00016000 08:01 14417949                   /lib/x86_64-linux-gnu/libgcc_s.so.1
7fdd80061000-7fdd80062000 rw-p 00015000 08:01 14417949                   /lib/x86_64-linux-gnu/libgcc_s.so.1
7fdd80062000-7fdd8016a000 r-xp 00000000 08:01 14418789                   /lib/x86_64-linux-gnu/libm-2.23.so
7fdd8016a000-7fdd80369000 ---p 00108000 08:01 14418789                   /lib/x86_64-linux-gnu/libm-2.23.so
7fdd80369000-7fdd8036a000 r--p 00107000 08:01 14418789                   /lib/x86_64-linux-gnu/libm-2.23.so
7fdd8036a000-7fdd8036b000 rw-p 00108000 08:01 14418789                   /lib/x86_64-linux-gnu/libm-2.23.so
7fdd8036b000-7fdd804dd000 r-xp 00000000 08:01 12586766                   /usr/lib/x86_64-linux-gnu/libstdc++.so.6.0.21
7fdd804dd000-7fdd806dd000 ---p 00172000 08:01 12586766                   /usr/lib/x86_64-linux-gnu/libstdc++.so.6.0.21
7fdd806dd000-7fdd806e7000 r--p 00172000 08:01 12586766                   /usr/lib/x86_64-linux-gnu/libstdc++.so.6.0.21
7fdd806e7000-7fdd806e9000 rw-p 0017c000 08:01 12586766                   /usr/lib/x86_64-linux-gnu/libstdc++.so.6.0.21
7fdd806e9000-7fdd806ed000 rw-p 00000000 00:00 0 
7fdd806ed000-7fdd8133d000 r-xp 00000000 08:01 13504683                   /usr/lib/jvm/java-8-openjdk-amd64/jre/lib/amd64/server/libjvm.so
7fdd8133d000-7fdd8153c000 ---p 00c50000 08:01 13504683                   /usr/lib/jvm/java-8-openjdk-amd64/jre/lib/amd64/server/libjvm.so
7fdd8153c000-7fdd815cf000 r--p 00c4f000 08:01 13504683                   /usr/lib/jvm/java-8-openjdk-amd64/jre/lib/amd64/server/libjvm.so
7fdd815cf000-7fdd815f8000 rw-p 00ce2000 08:01 13504683                   /usr/lib/jvm/java-8-openjdk-amd64/jre/lib/amd64/server/libjvm.so
7fdd815f8000-7fdd81628000 rw-p 00000000 00:00 0 
7fdd81628000-7fdd81640000 r-xp 00000000 08:01 14418745                   /lib/x86_64-linux-gnu/libpthread-2.23.so
7fdd81640000-7fdd8183f000 ---p 00018000 08:01 14418745                   /lib/x86_64-linux-gnu/libpthread-2.23.so
7fdd8183f000-7fdd81840000 r--p 00017000 08:01 14418745                   /lib/x86_64-linux-gnu/libpthread-2.23.so
7fdd81840000-7fdd81841000 rw-p 00018000 08:01 14418745                   /lib/x86_64-linux-gnu/libpthread-2.23.so
7fdd81841000-7fdd81845000 rw-p 00000000 00:00 0 
7fdd81845000-7fdd81848000 r-xp 00000000 08:01 14418753                   /lib/x86_64-linux-gnu/libdl-2.23.so
7fdd81848000-7fdd81a47000 ---p 00003000 08:01 14418753                   /lib/x86_64-linux-gnu/libdl-2.23.so
7fdd81a47000-7fdd81a48000 r--p 00002000 08:01 14418753                   /lib/x86_64-linux-gnu/libdl-2.23.so
7fdd81a48000-7fdd81a49000 rw-p 00003000 08:01 14418753                   /lib/x86_64-linux-gnu/libdl-2.23.so
7fdd81a49000-7fdd81a62000 r-xp 00000000 08:01 14422518                   /lib/x86_64-linux-gnu/libz.so.1.2.8
7fdd81a62000-7fdd81c61000 ---p 00019000 08:01 14422518                   /lib/x86_64-linux-gnu/libz.so.1.2.8
7fdd81c61000-7fdd81c62000 r--p 00018000 08:01 14422518                   /lib/x86_64-linux-gnu/libz.so.1.2.8
7fdd81c62000-7fdd81c63000 rw-p 00019000 08:01 14422518                   /lib/x86_64-linux-gnu/libz.so.1.2.8
7fdd81c63000-7fdd81e23000 r-xp 00000000 08:01 14425232                   /lib/x86_64-linux-gnu/libc-2.23.so
7fdd81e23000-7fdd82023000 ---p 001c0000 08:01 14425232                   /lib/x86_64-linux-gnu/libc-2.23.so
7fdd82023000-7fdd82027000 r--p 001c0000 08:01 14425232                   /lib/x86_64-linux-gnu/libc-2.23.so
7fdd82027000-7fdd82029000 rw-p 001c4000 08:01 14425232                   /lib/x86_64-linux-gnu/libc-2.23.so
7fdd82029000-7fdd8202d000 rw-p 00000000 00:00 0 
7fdd8202d000-7fdd8203a000 r-xp 00000000 08:01 13504672                   /usr/lib/jvm/java-8-openjdk-amd64/jre/lib/amd64/jli/libjli.so
7fdd8203a000-7fdd8223a000 ---p 0000d000 08:01 13504672                   /usr/lib/jvm/java-8-openjdk-amd64/jre/lib/amd64/jli/libjli.so
7fdd8223a000-7fdd8223b000 r--p 0000d000 08:01 13504672                   /usr/lib/jvm/java-8-openjdk-amd64/jre/lib/amd64/jli/libjli.so
7fdd8223b000-7fdd8223c000 rw-p 0000e000 08:01 13504672                   /usr/lib/jvm/java-8-openjdk-amd64/jre/lib/amd64/jli/libjli.so
7fdd8223c000-7fdd82262000 r-xp 00000000 08:01 14418735                   /lib/x86_64-linux-gnu/ld-2.23.so
7fdd82262000-7fdd82263000 r--s 00001000 08:03 17568423                   /home/gabriela/.m2/repository/org/lwjgl/lwjgl-nfd/3.1.2/lwjgl-nfd-3.1.2.jar
7fdd82263000-7fdd82334000 rw-p 00000000 00:00 0 
7fdd82334000-7fdd82337000 ---p 00000000 00:00 0 
7fdd82337000-7fdd8243a000 rw-p 00000000 00:00 0 
7fdd8243a000-7fdd8243b000 r--s 00005000 08:03 16520962                   /home/gabriela/.m2/repository/org/lwjgl/lwjgl-jawt/3.1.2/lwjgl-jawt-3.1.2.jar
7fdd8243b000-7fdd8243c000 r--s 00000000 08:01 13504000                   /usr/lib/jvm/java-8-openjdk-amd64/jre/lib/management-agent.jar
7fdd8243c000-7fdd8243d000 r--s 00010000 08:01 13504703                   /usr/lib/jvm/java-8-openjdk-amd64/jre/lib/ext/zipfs.jar
7fdd8243d000-7fdd8243f000 r--s 00001000 08:01 13504700                   /usr/lib/jvm/java-8-openjdk-amd64/jre/lib/ext/dnsns.jar
7fdd8243f000-7fdd82441000 r--s 00008000 08:01 13504698                   /usr/lib/jvm/java-8-openjdk-amd64/jre/lib/ext/sunec.jar
7fdd82441000-7fdd82442000 r--s 0000a000 08:01 13504717                   /usr/lib/jvm/java-8-openjdk-amd64/jre/lib/ext/jaccess.jar
7fdd82442000-7fdd82455000 rw-p 00000000 00:00 0 
7fdd82455000-7fdd8245d000 rw-s 00000000 08:01 22675524                   /tmp/hsperfdata_gabriela/9307
7fdd8245d000-7fdd8245e000 rw-p 00000000 00:00 0 
7fdd8245e000-7fdd8245f000 r--p 00000000 00:00 0 
7fdd8245f000-7fdd82461000 rw-p 00000000 00:00 0 
7fdd82461000-7fdd82462000 r--p 00025000 08:01 14418735                   /lib/x86_64-linux-gnu/ld-2.23.so
7fdd82462000-7fdd82463000 rw-p 00026000 08:01 14418735                   /lib/x86_64-linux-gnu/ld-2.23.so
7fdd82463000-7fdd82464000 rw-p 00000000 00:00 0 
7ffc2d1b9000-7ffc2d1db000 rw-p 00000000 00:00 0                          [stack]
7ffc2d1fb000-7ffc2d1fd000 r--p 00000000 00:00 0                          [vvar]
7ffc2d1fd000-7ffc2d1ff000 r-xp 00000000 00:00 0                          [vdso]
ffffffffff600000-ffffffffff601000 r-xp 00000000 00:00 0                  [vsyscall]

VM Arguments:
jvm_args: -javaagent:/opt/idea-IU-172.3968.16/lib/idea_rt.jar=43080:/opt/idea-IU-172.3968.16/bin -Dfile.encoding=UTF-8 
java_command: Main
java_class_path (initial): /usr/lib/jvm/java-1.8.0-openjdk-amd64/jre/lib/charsets.jar:/usr/lib/jvm/java-1.8.0-openjdk-amd64/jre/lib/ext/cldrdata.jar:/usr/lib/jvm/java-1.8.0-openjdk-amd64/jre/lib/ext/dnsns.jar:/usr/lib/jvm/java-1.8.0-openjdk-amd64/jre/lib/ext/icedtea-sound.jar:/usr/lib/jvm/java-1.8.0-openjdk-amd64/jre/lib/ext/jaccess.jar:/usr/lib/jvm/java-1.8.0-openjdk-amd64/jre/lib/ext/localedata.jar:/usr/lib/jvm/java-1.8.0-openjdk-amd64/jre/lib/ext/nashorn.jar:/usr/lib/jvm/java-1.8.0-openjdk-amd64/jre/lib/ext/sunec.jar:/usr/lib/jvm/java-1.8.0-openjdk-amd64/jre/lib/ext/sunjce_provider.jar:/usr/lib/jvm/java-1.8.0-openjdk-amd64/jre/lib/ext/sunpkcs11.jar:/usr/lib/jvm/java-1.8.0-openjdk-amd64/jre/lib/ext/zipfs.jar:/usr/lib/jvm/java-1.8.0-openjdk-amd64/jre/lib/jce.jar:/usr/lib/jvm/java-1.8.0-openjdk-amd64/jre/lib/jsse.jar:/usr/lib/jvm/java-1.8.0-openjdk-amd64/jre/lib/management-agent.jar:/usr/lib/jvm/java-1.8.0-openjdk-amd64/jre/lib/resources.jar:/usr/lib/jvm/java-1.8.0-openjdk-amd64/jre/lib/rt.jar:/home/gabriela/IdeaProjects/Bresenham/target/classes:/home/gabriela/.m2/repository/org/lwjgl/lwjgl/3.1.2/lwjgl-3.1.2.jar:/home/gabriela/.m2/repository/org/lwjgl/lwjgl-assimp/3.1.2/lwjgl-assimp-3.1.2.jar:/home/gabriela/.m2/repository/org/lwjgl/lwjgl-bgfx/3.1.2/lwjgl-bgfx-3.1.2.jar:/home/gabriela/.m2/repository/org/lwjgl/lwjgl-egl/3.1.2/lwjgl-egl-3.1.2.jar:/home/gabriela/.m2/repository/org/lwjgl/lwjgl-glfw/3.1.2/lwjgl-glfw-3.1.2.jar:/home/gabriela/.m2/repository/org/lwjgl/lwjgl-jawt/3.1.2/lwjgl-jawt-3.1.2.jar:/home/gabriela/.m2/repository/org/lwjgl/lwjgl-jemalloc/3.1.2/lwjgl-jemalloc-3.1.2.jar:/home/gabriela/.m2/repository/org/lwjgl/lwjgl-lmdb/3.1.2/lwjgl-lmdb-3.1.2.jar:/home/gabriela/.m2/repository/org/lwjgl/lwjgl-nanovg/3.1.2/lwjgl-nanovg-3.1.2.jar:/home/gabriela/.m2/repository/org/lwjgl/lwjgl-nfd/3.1.2/lwjgl-nfd-3.1.2.jar:/home/gabriela/.m2/repository/org/lwjgl/lwjgl-nuklear/3.1.2/lwjgl-nuklear-3.1.2.jar:/home/gabriela/.m2/repository/org/lwjgl/lwjgl-openal/3.1.2/lwjgl-opena
Launcher Type: SUN_STANDARD

Environment Variables:
JAVA_HOME=/usr/lib/jvm/default-java
PATH=/home/gabriela/.sdkman/candidates/grails/current/bin:/usr/local/sbin:/usr/local/bin:/usr/sbin:/usr/bin:/sbin:/bin:/usr/games:/usr/local/games:/bin:/opt/android-sdk/tools:/opt/android-sdk/platform-tools:/opt/node/bin:/opt/gradle/bin
USERNAME=gabriela
LD_LIBRARY_PATH=/opt/idea-IU-172.3968.16/bin:
SHELL=/bin/bash
DISPLAY=:1

Signal Handlers:
SIGSEGV: [libjvm.so+0xa66fd0], sa_mask[0]=11111111011111111101111111111110, sa_flags=SA_RESTART|SA_SIGINFO
SIGBUS: [libjvm.so+0xa66fd0], sa_mask[0]=11111111011111111101111111111110, sa_flags=SA_RESTART|SA_SIGINFO
SIGFPE: [libjvm.so+0x8b0180], sa_mask[0]=11111111011111111101111111111110, sa_flags=SA_RESTART|SA_SIGINFO
SIGPIPE: [libjvm.so+0x8b0180], sa_mask[0]=11111111011111111101111111111110, sa_flags=SA_RESTART|SA_SIGINFO
SIGXFSZ: [libjvm.so+0x8b0180], sa_mask[0]=11111111011111111101111111111110, sa_flags=SA_RESTART|SA_SIGINFO
SIGILL: [libjvm.so+0x8b0180], sa_mask[0]=11111111011111111101111111111110, sa_flags=SA_RESTART|SA_SIGINFO
SIGUSR1: SIG_DFL, sa_mask[0]=00000000000000000000000000000000, sa_flags=none
SIGUSR2: [libjvm.so+0x8b0030], sa_mask[0]=00100000000000000000000000000000, sa_flags=SA_RESTART|SA_SIGINFO
SIGHUP: [libjvm.so+0x8b0500], sa_mask[0]=11111111011111111101111111111110, sa_flags=SA_RESTART|SA_SIGINFO
SIGINT: [libjvm.so+0x8b0500], sa_mask[0]=11111111011111111101111111111110, sa_flags=SA_RESTART|SA_SIGINFO
SIGTERM: [libjvm.so+0x8b0500], sa_mask[0]=11111111011111111101111111111110, sa_flags=SA_RESTART|SA_SIGINFO
SIGQUIT: [libjvm.so+0x8b0500], sa_mask[0]=11111111011111111101111111111110, sa_flags=SA_RESTART|SA_SIGINFO


---------------  S Y S T E M  ---------------

OS:DISTRIB_ID=Ubuntu
DISTRIB_RELEASE=16.04
DISTRIB_CODENAME=xenial
DISTRIB_DESCRIPTION="Ubuntu 16.04.2 LTS"

uname:Linux 4.4.0-70-generic #91-Ubuntu SMP Wed Mar 22 12:47:43 UTC 2017 x86_64
libc:glibc 2.23 NPTL 2.23 
rlimit: STACK 8192k, CORE 0k, NPROC 15267, NOFILE 65536, AS infinity
load average:1,08 0,87 0,73

/proc/meminfo:
MemTotal:        3948980 kB
MemFree:          512104 kB
MemAvailable:     834552 kB
Buffers:           33076 kB
Cached:           734156 kB
SwapCached:        14048 kB
Active:          2266452 kB
Inactive:         937800 kB
Active(anon):    1994352 kB
Inactive(anon):   721316 kB
Active(file):     272100 kB
Inactive(file):   216484 kB
Unevictable:          32 kB
Mlocked:              32 kB
SwapTotal:       3130364 kB
SwapFree:        2698456 kB
Dirty:              4380 kB
Writeback:             0 kB
AnonPages:       2427556 kB
Mapped:           360312 kB
Shmem:            278600 kB
Slab:             117492 kB
SReclaimable:      75392 kB
SUnreclaim:        42100 kB
KernelStack:       13264 kB
PageTables:        45772 kB
NFS_Unstable:          0 kB
Bounce:                0 kB
WritebackTmp:          0 kB
CommitLimit:     5104852 kB
Committed_AS:    8567828 kB
VmallocTotal:   34359738367 kB
VmallocUsed:           0 kB
VmallocChunk:          0 kB
HardwareCorrupted:     0 kB
AnonHugePages:   1366016 kB
CmaTotal:              0 kB
CmaFree:               0 kB
HugePages_Total:       0
HugePages_Free:        0
HugePages_Rsvd:        0
HugePages_Surp:        0
Hugepagesize:       2048 kB
DirectMap4k:      181184 kB
DirectMap2M:     3915776 kB
DirectMap1G:           0 kB


CPU:total 4 (2 cores per cpu, 2 threads per core) family 6 model 69 stepping 1, cmov, cx8, fxsr, mmx, sse, sse2, sse3, ssse3, sse4.1, sse4.2, popcnt, avx, avx2, aes, clmul, erms, lzcnt, ht, tsc, tscinvbit, bmi1, bmi2

/proc/cpuinfo:
processor	: 0
vendor_id	: GenuineIntel
cpu family	: 6
model		: 69
model name	: Intel(R) Core(TM) i5-4200U CPU @ 1.60GHz
stepping	: 1
microcode	: 0x1d
cpu MHz		: 2388.062
cache size	: 3072 KB
physical id	: 0
siblings	: 4
core id		: 0
cpu cores	: 2
apicid		: 0
initial apicid	: 0
fpu		: yes
fpu_exception	: yes
cpuid level	: 13
wp		: yes
flags		: fpu vme de pse tsc msr pae mce cx8 apic sep mtrr pge mca cmov pat pse36 clflush dts acpi mmx fxsr sse sse2 ss ht tm pbe syscall nx pdpe1gb rdtscp lm constant_tsc arch_perfmon pebs bts rep_good nopl xtopology nonstop_tsc aperfmperf eagerfpu pni pclmulqdq dtes64 monitor ds_cpl vmx est tm2 ssse3 sdbg fma cx16 xtpr pdcm pcid sse4_1 sse4_2 movbe popcnt tsc_deadline_timer aes xsave avx f16c rdrand lahf_lm abm epb tpr_shadow vnmi flexpriority ept vpid fsgsbase tsc_adjust bmi1 avx2 smep bmi2 erms invpcid xsaveopt dtherm ida arat pln pts
bugs		:
bogomips	: 3192.59
clflush size	: 64
cache_alignment	: 64
address sizes	: 39 bits physical, 48 bits virtual
power management:

processor	: 1
vendor_id	: GenuineIntel
cpu family	: 6
model		: 69
model name	: Intel(R) Core(TM) i5-4200U CPU @ 1.60GHz
stepping	: 1
microcode	: 0x1d
cpu MHz		: 2319.625
cache size	: 3072 KB
physical id	: 0
siblings	: 4
core id		: 1
cpu cores	: 2
apicid		: 2
initial apicid	: 2
fpu		: yes
fpu_exception	: yes
cpuid level	: 13
wp		: yes
flags		: fpu vme de pse tsc msr pae mce cx8 apic sep mtrr pge mca cmov pat pse36 clflush dts acpi mmx fxsr sse sse2 ss ht tm pbe syscall nx pdpe1gb rdtscp lm constant_tsc arch_perfmon pebs bts rep_good nopl xtopology nonstop_tsc aperfmperf eagerfpu pni pclmulqdq dtes64 monitor ds_cpl vmx est tm2 ssse3 sdbg fma cx16 xtpr pdcm pcid sse4_1 sse4_2 movbe popcnt tsc_deadline_timer aes xsave avx f16c rdrand lahf_lm abm epb tpr_shadow vnmi flexpriority ept vpid fsgsbase tsc_adjust bmi1 avx2 smep bmi2 erms invpcid xsaveopt dtherm ida arat pln pts
bugs		:
bogomips	: 3192.59
clflush size	: 64
cache_alignment	: 64
address sizes	: 39 bits physical, 48 bits virtual
power management:

processor	: 2
vendor_id	: GenuineIntel
cpu family	: 6
model		: 69
model name	: Intel(R) Core(TM) i5-4200U CPU @ 1.60GHz
stepping	: 1
microcode	: 0x1d
cpu MHz		: 2377.937
cache size	: 3072 KB
physical id	: 0
siblings	: 4
core id		: 0
cpu cores	: 2
apicid		: 1
initial apicid	: 1
fpu		: yes
fpu_exception	: yes
cpuid level	: 13
wp		: yes
flags		: fpu vme de pse tsc msr pae mce cx8 apic sep mtrr pge mca cmov pat pse36 clflush dts acpi mmx fxsr sse sse2 ss ht tm pbe syscall nx pdpe1gb rdtscp lm constant_tsc arch_perfmon pebs bts rep_good nopl xtopology nonstop_tsc aperfmperf eagerfpu pni pclmulqdq dtes64 monitor ds_cpl vmx est tm2 ssse3 sdbg fma cx16 xtpr pdcm pcid sse4_1 sse4_2 movbe popcnt tsc_deadline_timer aes xsave avx f16c rdrand lahf_lm abm epb tpr_shadow vnmi flexpriority ept vpid fsgsbase tsc_adjust bmi1 avx2 smep bmi2 erms invpcid xsaveopt dtherm ida arat pln pts
bugs		:
bogomips	: 3192.59
clflush size	: 64
cache_alignment	: 64
address sizes	: 39 bits physical, 48 bits virtual
power management:

processor	: 3
vendor_id	: GenuineIntel
cpu family	: 6
model		: 69
model name	: Intel(R) Core(TM) i5-4200U CPU @ 1.60GHz
stepping	: 1
microcode	: 0x1d
cpu MHz		: 2299.937
cache size	: 3072 KB
physical id	: 0
siblings	: 4
core id		: 1
cpu cores	: 2
apicid		: 3
initial apicid	: 3
fpu		: yes
fpu_exception	: yes
cpuid level	: 13
wp		: yes
flags		: fpu vme de pse tsc msr pae mce cx8 apic sep mtrr pge mca cmov pat pse36 clflush dts acpi mmx fxsr sse sse2 ss ht tm pbe syscall nx pdpe1gb rdtscp lm constant_tsc arch_perfmon pebs bts rep_good nopl xtopology nonstop_tsc aperfmperf eagerfpu pni pclmulqdq dtes64 monitor ds_cpl vmx est tm2 ssse3 sdbg fma cx16 xtpr pdcm pcid sse4_1 sse4_2 movbe popcnt tsc_deadline_timer aes xsave avx f16c rdrand lahf_lm abm epb tpr_shadow vnmi flexpriority ept vpid fsgsbase tsc_adjust bmi1 avx2 smep bmi2 erms invpcid xsaveopt dtherm ida arat pln pts
bugs		:
bogomips	: 3192.59
clflush size	: 64
cache_alignment	: 64
address sizes	: 39 bits physical, 48 bits virtual
power management:



Memory: 4k page, physical 3948980k(512104k free), swap 3130364k(2698456k free)

vm_info: OpenJDK 64-Bit Server VM (25.121-b13) for linux-amd64 JRE (1.8.0_121-8u121-b13-0ubuntu1.16.04.2-b13), built on Jan 23 2017 15:51:29 by "buildd" with gcc 5.4.0 20160609

time: Thu Sep  7 22:10:40 2017
elapsed time: 0 seconds (0d 0h 0m 0s)

